mktextfm nimbusserif
mktextfm nimbusserif
mktextfm nimbusserif
mktextfm nimbusserif
mktextfm nimbusserif
mktextfm nimbusserif
mktextfm nimbusserif
mktextfm nimbusserif
mktextfm nimbusserif
mktextfm NotoSansMono
mktextfm NotoSansMono
mktextfm NotoSansMono
mktextfm NimbusMonoPS
mktextfm NimbusMonoPS
mktextfm NimbusMonoPS
mktextfm notosansmono
mktextfm notosansmono
mktextfm notosansmono
mktextfm notosansmono
mktextfm notosansmono
mktextfm notosansmono
mktextfm nimbussans
mktextfm nimbussans
mktextfm nimbussans
mktextfm NimbusSans
mktextfm NimbusSans
mktextfm NimbusSans
mktextfm NimbusSans
mktextfm NimbusSans
mktextfm NimbusSans
mktextfm urw-base35
mktextfm urw-base35
mktextfm urw-base35
mktextfm nimbussans
mktextfm nimbussans
mktextfm nimbussans
mktextfm nimbussans
mktextfm nimbussans
mktextfm nimbussans
